2020-07-23 12:57:51,942 - movie_logger - INFO - 크롬 가상브라우저 실행 완료
2020-07-23 12:57:51,942 - movie_logger - INFO - 첫번째 while문 시작
2020-07-23 12:57:52,943 - movie_logger - INFO - 두번째 while문 시작
2020-07-23 12:57:53,457 - movie_logger - INFO - 네이버 영화 랭킹 평점순 이동
2020-07-23 12:57:54,062 - movie_logger - INFO - 영화 랭킹 클릭 평점순 이동 page=1
2020-07-23 12:57:54,539 - movie_logger - INFO - 영화평점탭 틀릭
2020-07-23 12:57:54,574 - movie_logger - INFO - 영화 제목: 그린 북
2020-07-23 12:57:54,602 - movie_logger - INFO - iframe전환
2020-07-23 12:57:54,802 - movie_logger - INFO - 최신순 전환
2020-07-23 12:57:54,806 - movie_logger - INFO - 몽고DB 접속
2020-07-23 12:57:55,018 - movie_logger - INFO - 현재 페이지 : 1
2020-07-23 12:57:55,827 - movie_logger - INFO - 현재 페이지 : 2
2020-07-23 12:57:56,524 - movie_logger - INFO - 현재 페이지 : 3
2020-07-23 12:57:57,305 - movie_logger - INFO - 현재 페이지 : 4
2020-07-23 12:57:58,023 - movie_logger - INFO - 현재 페이지 : 5
2020-07-23 12:57:59,008 - movie_logger - INFO - 현재 페이지 : 6
2020-07-23 12:58:00,287 - movie_logger - INFO - 현재 페이지 : 7
2020-07-23 12:58:01,991 - movie_logger - INFO - 현재 페이지 : 8
2020-07-23 12:58:02,903 - movie_logger - INFO - 현재 페이지 : 9
2020-07-23 12:58:08,678 - movie_logger - INFO - 현재 페이지 : 10
2020-07-23 12:58:14,473 - movie_logger - INFO - 현재 페이지 : 11
2020-07-23 12:58:20,307 - movie_logger - INFO - 현재 페이지 : 12
2020-07-23 12:58:26,054 - movie_logger - INFO - 현재 페이지 : 13
2020-07-23 12:58:31,768 - movie_logger - INFO - 현재 페이지 : 14
2020-07-23 12:58:37,523 - movie_logger - INFO - 현재 페이지 : 15
2020-07-23 12:58:43,267 - movie_logger - INFO - 현재 페이지 : 16
2020-07-23 12:58:49,048 - movie_logger - INFO - 현재 페이지 : 17
2020-07-23 12:58:54,840 - movie_logger - INFO - 현재 페이지 : 18
2020-07-23 12:59:00,565 - movie_logger - INFO - 현재 페이지 : 19
2020-07-23 12:59:06,310 - movie_logger - INFO - 현재 페이지 : 20
2020-07-23 12:59:12,036 - movie_logger - INFO - 현재 페이지 : 21
2020-07-23 12:59:17,787 - movie_logger - INFO - 현재 페이지 : 22
2020-07-23 12:59:23,514 - movie_logger - INFO - 현재 페이지 : 23
2020-07-23 12:59:29,244 - movie_logger - INFO - 현재 페이지 : 24
2020-07-23 12:59:34,959 - movie_logger - INFO - 현재 페이지 : 25
2020-07-23 12:59:40,656 - movie_logger - INFO - 현재 페이지 : 26
2020-07-23 12:59:46,397 - movie_logger - INFO - 현재 페이지 : 27
2020-07-23 12:59:52,113 - movie_logger - INFO - 현재 페이지 : 28
2020-07-23 12:59:57,868 - movie_logger - INFO - 현재 페이지 : 29
2020-07-23 13:00:03,571 - movie_logger - INFO - 현재 페이지 : 30
2020-07-23 13:00:09,543 - movie_logger - INFO - 현재 페이지 : 31
2020-07-23 13:00:15,271 - movie_logger - INFO - 현재 페이지 : 32
2020-07-23 13:00:21,134 - movie_logger - INFO - 현재 페이지 : 33
2020-07-23 13:00:26,869 - movie_logger - INFO - 현재 페이지 : 34
2020-07-23 13:00:32,565 - movie_logger - INFO - 현재 페이지 : 35
2020-07-23 13:00:38,294 - movie_logger - INFO - 현재 페이지 : 36
2020-07-23 13:00:44,006 - movie_logger - INFO - 현재 페이지 : 37
2020-07-23 13:00:49,730 - movie_logger - INFO - 현재 페이지 : 38
2020-07-23 13:00:55,635 - movie_logger - INFO - 현재 페이지 : 39
2020-07-23 13:01:01,493 - movie_logger - INFO - 현재 페이지 : 40
2020-07-23 13:01:07,396 - movie_logger - INFO - 현재 페이지 : 41
2020-07-23 13:01:13,100 - movie_logger - INFO - 현재 페이지 : 42
2020-07-23 13:01:18,818 - movie_logger - INFO - 현재 페이지 : 43
2020-07-23 13:01:24,550 - movie_logger - INFO - 현재 페이지 : 44
2020-07-23 13:01:30,357 - movie_logger - INFO - 현재 페이지 : 45
2020-07-23 13:01:36,330 - movie_logger - INFO - 현재 페이지 : 46
2020-07-23 13:01:42,079 - movie_logger - INFO - 현재 페이지 : 47
2020-07-23 13:01:47,865 - movie_logger - INFO - 현재 페이지 : 48
2020-07-23 13:01:53,609 - movie_logger - INFO - 현재 페이지 : 49
2020-07-23 13:01:59,623 - movie_logger - INFO - 현재 페이지 : 50
2020-07-23 13:02:05,810 - movie_logger - INFO - 현재 페이지 : 51
2020-07-23 13:02:11,565 - movie_logger - INFO - 현재 페이지 : 52
2020-07-23 13:02:17,430 - movie_logger - INFO - 현재 페이지 : 53
2020-07-23 13:02:23,260 - movie_logger - INFO - 현재 페이지 : 54
2020-07-23 13:02:29,043 - movie_logger - INFO - 현재 페이지 : 55
2020-07-23 13:02:34,809 - movie_logger - INFO - 현재 페이지 : 56
2020-07-23 13:02:40,544 - movie_logger - INFO - 현재 페이지 : 57
2020-07-23 13:02:46,258 - movie_logger - INFO - 현재 페이지 : 58
2020-07-23 13:02:51,966 - movie_logger - INFO - 현재 페이지 : 59
2020-07-23 13:02:57,692 - movie_logger - INFO - 현재 페이지 : 60
2020-07-23 13:03:03,489 - movie_logger - INFO - 현재 페이지 : 61
2020-07-23 13:03:09,240 - movie_logger - INFO - 현재 페이지 : 62
2020-07-23 13:03:15,075 - movie_logger - INFO - 현재 페이지 : 63
2020-07-23 13:03:20,779 - movie_logger - INFO - 현재 페이지 : 64
2020-07-23 13:03:26,552 - movie_logger - INFO - 현재 페이지 : 65
2020-07-23 13:03:32,270 - movie_logger - INFO - 현재 페이지 : 66
2020-07-23 13:03:37,997 - movie_logger - INFO - 현재 페이지 : 67
2020-07-23 13:03:43,703 - movie_logger - INFO - 현재 페이지 : 68
2020-07-23 13:03:49,435 - movie_logger - INFO - 현재 페이지 : 69
2020-07-23 13:03:55,333 - movie_logger - INFO - 현재 페이지 : 70
2020-07-23 13:04:01,050 - movie_logger - INFO - 현재 페이지 : 71
2020-07-23 13:04:06,776 - movie_logger - INFO - 현재 페이지 : 72
2020-07-23 13:04:12,497 - movie_logger - INFO - 현재 페이지 : 73
2020-07-23 13:04:18,243 - movie_logger - INFO - 현재 페이지 : 74
2020-07-23 13:04:23,959 - movie_logger - INFO - 현재 페이지 : 75
2020-07-23 13:04:29,698 - movie_logger - INFO - 현재 페이지 : 76
2020-07-23 13:04:35,429 - movie_logger - INFO - 현재 페이지 : 77
2020-07-23 13:04:41,144 - movie_logger - INFO - 현재 페이지 : 78
2020-07-23 13:04:46,887 - movie_logger - INFO - 현재 페이지 : 79
2020-07-23 13:04:52,603 - movie_logger - INFO - 현재 페이지 : 80
2020-07-23 13:04:58,358 - movie_logger - INFO - 현재 페이지 : 81
2020-07-23 13:05:04,068 - movie_logger - INFO - 현재 페이지 : 82
2020-07-23 13:05:09,854 - movie_logger - INFO - 현재 페이지 : 83
2020-07-23 13:05:15,594 - movie_logger - INFO - 현재 페이지 : 84
2020-07-23 13:05:21,311 - movie_logger - INFO - 현재 페이지 : 85
2020-07-23 13:05:27,048 - movie_logger - INFO - 현재 페이지 : 86
2020-07-23 13:05:32,756 - movie_logger - INFO - 현재 페이지 : 87
2020-07-23 13:05:38,497 - movie_logger - INFO - 현재 페이지 : 88
2020-07-23 13:05:44,191 - movie_logger - INFO - 현재 페이지 : 89
2020-07-23 13:05:49,921 - movie_logger - INFO - 현재 페이지 : 90
2020-07-23 13:05:55,659 - movie_logger - INFO - 현재 페이지 : 91
2020-07-23 13:06:01,357 - movie_logger - INFO - 현재 페이지 : 92
2020-07-23 13:06:07,097 - movie_logger - INFO - 현재 페이지 : 93
2020-07-23 13:06:12,846 - movie_logger - INFO - 현재 페이지 : 94
2020-07-23 13:06:18,613 - movie_logger - INFO - 현재 페이지 : 95
2020-07-23 13:06:24,371 - movie_logger - INFO - 현재 페이지 : 96
2020-07-23 13:06:30,121 - movie_logger - INFO - 현재 페이지 : 97
2020-07-23 13:06:35,848 - movie_logger - INFO - 현재 페이지 : 98
2020-07-23 13:06:41,592 - movie_logger - INFO - 현재 페이지 : 99
2020-07-23 13:06:47,375 - movie_logger - INFO - 현재 페이지 : 100
2020-07-23 13:06:53,126 - movie_logger - INFO - 현재 페이지 : 101
2020-07-23 13:06:58,863 - movie_logger - INFO - 현재 페이지 : 102
2020-07-23 13:07:04,617 - movie_logger - INFO - 현재 페이지 : 103
2020-07-23 13:07:10,394 - movie_logger - INFO - 현재 페이지 : 104
2020-07-23 13:07:16,148 - movie_logger - INFO - 현재 페이지 : 105
2020-07-23 13:07:21,884 - movie_logger - INFO - 현재 페이지 : 106
2020-07-23 13:07:27,594 - movie_logger - INFO - 현재 페이지 : 107
2020-07-23 13:07:33,330 - movie_logger - INFO - 현재 페이지 : 108
2020-07-23 13:07:34,816 - movie_logger - INFO - 현재 페이지 : 109
2020-07-23 13:07:35,520 - movie_logger - INFO - 현재 페이지 : 110
2020-07-23 13:07:36,221 - movie_logger - INFO - 현재 페이지 : 111
2020-07-23 13:07:36,927 - movie_logger - INFO - 현재 페이지 : 112
2020-07-23 13:07:37,645 - movie_logger - INFO - 현재 페이지 : 113
2020-07-23 13:07:38,351 - movie_logger - INFO - 현재 페이지 : 114
2020-07-23 13:07:39,054 - movie_logger - INFO - 현재 페이지 : 115
2020-07-23 13:07:39,791 - movie_logger - INFO - 현재 페이지 : 116
2020-07-23 13:07:40,530 - movie_logger - INFO - 현재 페이지 : 117
2020-07-23 13:07:41,287 - movie_logger - INFO - 현재 페이지 : 118
2020-07-23 13:07:42,091 - movie_logger - INFO - 현재 페이지 : 119
2020-07-23 13:07:42,840 - movie_logger - INFO - 현재 페이지 : 120
2020-07-23 13:07:43,610 - movie_logger - INFO - 현재 페이지 : 121
2020-07-23 13:07:44,367 - movie_logger - INFO - 현재 페이지 : 122
2020-07-23 13:07:45,145 - movie_logger - INFO - 현재 페이지 : 123
2020-07-23 13:07:45,909 - movie_logger - INFO - 현재 페이지 : 124
2020-07-23 13:07:46,690 - movie_logger - INFO - 현재 페이지 : 125
2020-07-23 13:07:47,499 - movie_logger - INFO - 현재 페이지 : 126
2020-07-23 13:07:48,293 - movie_logger - INFO - 현재 페이지 : 127
2020-07-23 13:07:49,062 - movie_logger - INFO - 현재 페이지 : 128
2020-07-23 13:07:49,846 - movie_logger - INFO - 현재 페이지 : 129
2020-07-23 13:07:50,618 - movie_logger - INFO - 현재 페이지 : 130
2020-07-23 13:07:51,404 - movie_logger - INFO - 현재 페이지 : 131
2020-07-23 13:07:52,216 - movie_logger - INFO - 현재 페이지 : 132
2020-07-23 13:07:53,019 - movie_logger - INFO - 현재 페이지 : 133
2020-07-23 13:07:53,810 - movie_logger - INFO - 현재 페이지 : 134
2020-07-23 13:07:59,728 - movie_logger - INFO - 현재 페이지 : 135
2020-07-23 13:08:05,513 - movie_logger - INFO - 현재 페이지 : 136
2020-07-23 13:08:11,384 - movie_logger - INFO - 현재 페이지 : 137
2020-07-23 13:08:17,104 - movie_logger - INFO - 현재 페이지 : 138
2020-07-23 13:08:22,848 - movie_logger - INFO - 현재 페이지 : 139
2020-07-23 13:08:28,567 - movie_logger - INFO - 현재 페이지 : 140
2020-07-23 13:08:34,302 - movie_logger - INFO - 현재 페이지 : 141
2020-07-23 13:08:40,031 - movie_logger - INFO - 현재 페이지 : 142
2020-07-23 13:08:45,732 - movie_logger - INFO - 현재 페이지 : 143
2020-07-23 13:08:51,444 - movie_logger - INFO - 현재 페이지 : 144
2020-07-23 13:08:57,146 - movie_logger - INFO - 현재 페이지 : 145
2020-07-23 13:09:02,859 - movie_logger - INFO - 현재 페이지 : 146
2020-07-23 13:09:08,581 - movie_logger - INFO - 현재 페이지 : 147
2020-07-23 13:09:17,916 - movie_logger - INFO - 현재 페이지 : 148
2020-07-23 13:09:23,666 - movie_logger - INFO - 현재 페이지 : 149
2020-07-23 13:09:29,367 - movie_logger - INFO - 현재 페이지 : 150
2020-07-23 13:09:35,068 - movie_logger - INFO - 현재 페이지 : 151
2020-07-23 13:09:40,775 - movie_logger - INFO - 현재 페이지 : 152
2020-07-23 13:09:46,478 - movie_logger - INFO - 현재 페이지 : 153
2020-07-23 13:09:52,223 - movie_logger - INFO - 현재 페이지 : 154
2020-07-23 13:09:58,041 - movie_logger - INFO - 현재 페이지 : 155
2020-07-23 13:10:03,911 - movie_logger - INFO - 현재 페이지 : 156
2020-07-23 13:10:09,961 - movie_logger - INFO - 현재 페이지 : 157
2020-07-23 13:10:15,730 - movie_logger - INFO - 현재 페이지 : 158
2020-07-23 13:10:21,449 - movie_logger - INFO - 현재 페이지 : 159
2020-07-23 13:10:27,198 - movie_logger - INFO - 현재 페이지 : 160
2020-07-23 13:10:32,926 - movie_logger - INFO - 현재 페이지 : 161
2020-07-23 13:10:38,673 - movie_logger - INFO - 현재 페이지 : 162
2020-07-23 13:10:44,406 - movie_logger - INFO - 현재 페이지 : 163
2020-07-23 13:10:50,201 - movie_logger - INFO - 현재 페이지 : 164
2020-07-23 13:10:55,939 - movie_logger - INFO - 현재 페이지 : 165
2020-07-23 13:11:01,684 - movie_logger - INFO - 현재 페이지 : 166
2020-07-23 13:11:07,440 - movie_logger - INFO - 현재 페이지 : 167
2020-07-23 13:11:13,171 - movie_logger - INFO - 현재 페이지 : 168
2020-07-23 13:11:18,929 - movie_logger - INFO - 현재 페이지 : 169
2020-07-23 13:11:24,660 - movie_logger - INFO - 현재 페이지 : 170
2020-07-23 13:11:30,404 - movie_logger - INFO - 현재 페이지 : 171
2020-07-23 13:11:36,142 - movie_logger - INFO - 현재 페이지 : 172
2020-07-23 13:11:41,888 - movie_logger - INFO - 현재 페이지 : 173
2020-07-23 13:11:47,657 - movie_logger - INFO - 현재 페이지 : 174
2020-07-23 13:11:53,412 - movie_logger - INFO - 현재 페이지 : 175
2020-07-23 13:11:59,168 - movie_logger - INFO - 현재 페이지 : 176
2020-07-23 13:12:04,924 - movie_logger - INFO - 현재 페이지 : 177
2020-07-23 13:12:10,649 - movie_logger - INFO - 현재 페이지 : 178
2020-07-23 13:12:16,426 - movie_logger - INFO - 현재 페이지 : 179
2020-07-23 13:12:22,154 - movie_logger - INFO - 현재 페이지 : 180
2020-07-23 13:12:27,934 - movie_logger - INFO - 현재 페이지 : 181
2020-07-23 13:12:33,667 - movie_logger - INFO - 현재 페이지 : 182
2020-07-23 13:12:39,419 - movie_logger - INFO - 현재 페이지 : 183
2020-07-23 13:12:45,180 - movie_logger - INFO - 현재 페이지 : 184
2020-07-23 13:12:50,916 - movie_logger - INFO - 현재 페이지 : 185
2020-07-23 13:12:56,748 - movie_logger - INFO - 현재 페이지 : 186
2020-07-23 13:13:02,493 - movie_logger - INFO - 현재 페이지 : 187
2020-07-23 13:13:08,268 - movie_logger - INFO - 현재 페이지 : 188
2020-07-23 13:13:14,126 - movie_logger - INFO - 현재 페이지 : 189
2020-07-23 13:13:20,124 - movie_logger - INFO - 현재 페이지 : 190
2020-07-23 13:13:25,878 - movie_logger - INFO - 현재 페이지 : 191
2020-07-23 13:13:31,615 - movie_logger - INFO - 현재 페이지 : 192
2020-07-23 13:13:35,344 - movie_logger - INFO - 현재 페이지 : 193
2020-07-23 13:13:36,101 - movie_logger - INFO - 현재 페이지 : 194
2020-07-23 13:13:36,820 - movie_logger - INFO - 현재 페이지 : 195
2020-07-23 13:13:37,601 - movie_logger - INFO - 현재 페이지 : 196
2020-07-23 13:13:38,344 - movie_logger - INFO - 현재 페이지 : 197
2020-07-23 13:13:39,081 - movie_logger - INFO - 현재 페이지 : 198
2020-07-23 13:13:39,837 - movie_logger - INFO - 현재 페이지 : 199
2020-07-23 13:13:40,598 - movie_logger - INFO - 현재 페이지 : 200
2020-07-23 13:13:41,336 - movie_logger - INFO - 현재 페이지 : 201
2020-07-23 13:13:42,089 - movie_logger - INFO - 현재 페이지 : 202
2020-07-23 13:13:42,807 - movie_logger - INFO - 현재 페이지 : 203
2020-07-23 13:13:43,536 - movie_logger - INFO - 현재 페이지 : 204
2020-07-23 13:13:44,253 - movie_logger - INFO - 현재 페이지 : 205
2020-07-23 13:13:44,970 - movie_logger - INFO - 현재 페이지 : 206
2020-07-23 13:13:45,701 - movie_logger - INFO - 현재 페이지 : 207
2020-07-23 13:13:46,421 - movie_logger - INFO - 현재 페이지 : 208
2020-07-23 13:13:47,119 - movie_logger - INFO - 현재 페이지 : 209
2020-07-23 13:13:47,853 - movie_logger - INFO - 현재 페이지 : 210
2020-07-23 13:13:48,610 - movie_logger - INFO - 현재 페이지 : 211
2020-07-23 13:13:49,341 - movie_logger - INFO - 현재 페이지 : 212
2020-07-23 13:13:50,066 - movie_logger - INFO - 현재 페이지 : 213
2020-07-23 13:13:50,796 - movie_logger - INFO - 현재 페이지 : 214
2020-07-23 13:13:51,510 - movie_logger - INFO - 현재 페이지 : 215
2020-07-23 13:13:52,239 - movie_logger - INFO - 현재 페이지 : 216
2020-07-23 13:13:52,961 - movie_logger - INFO - 현재 페이지 : 217
2020-07-23 13:13:53,703 - movie_logger - INFO - 현재 페이지 : 218
2020-07-23 13:13:59,518 - movie_logger - INFO - 현재 페이지 : 219
2020-07-23 13:14:05,317 - movie_logger - INFO - 현재 페이지 : 220
2020-07-23 13:14:11,051 - movie_logger - INFO - 현재 페이지 : 221
2020-07-23 13:14:16,818 - movie_logger - INFO - 현재 페이지 : 222
2020-07-23 13:14:22,525 - movie_logger - INFO - 현재 페이지 : 223
2020-07-23 13:14:28,272 - movie_logger - INFO - 현재 페이지 : 224
2020-07-23 13:14:33,991 - movie_logger - INFO - 현재 페이지 : 225
2020-07-23 13:14:39,746 - movie_logger - INFO - 현재 페이지 : 226
2020-07-23 13:14:45,469 - movie_logger - INFO - 현재 페이지 : 227
2020-07-23 13:14:51,175 - movie_logger - INFO - 현재 페이지 : 228
2020-07-23 13:14:56,922 - movie_logger - INFO - 현재 페이지 : 229
2020-07-23 13:15:02,644 - movie_logger - INFO - 현재 페이지 : 230
2020-07-23 13:15:08,411 - movie_logger - INFO - 현재 페이지 : 231
2020-07-23 13:15:14,112 - movie_logger - INFO - 현재 페이지 : 232
2020-07-23 13:15:19,840 - movie_logger - INFO - 현재 페이지 : 233
2020-07-23 13:15:25,581 - movie_logger - INFO - 현재 페이지 : 234
2020-07-23 13:15:31,301 - movie_logger - INFO - 현재 페이지 : 235
2020-07-23 13:15:37,043 - movie_logger - INFO - 현재 페이지 : 236
2020-07-23 13:15:42,762 - movie_logger - INFO - 현재 페이지 : 237
2020-07-23 13:15:48,499 - movie_logger - INFO - 현재 페이지 : 238
2020-07-23 13:15:54,207 - movie_logger - INFO - 현재 페이지 : 239
2020-07-23 13:15:59,938 - movie_logger - INFO - 현재 페이지 : 240
2020-07-23 13:16:05,688 - movie_logger - INFO - 현재 페이지 : 241
2020-07-23 13:16:11,401 - movie_logger - INFO - 현재 페이지 : 242
2020-07-23 13:16:17,141 - movie_logger - INFO - 현재 페이지 : 243
2020-07-23 13:16:22,853 - movie_logger - INFO - 현재 페이지 : 244
2020-07-23 13:16:28,589 - movie_logger - INFO - 현재 페이지 : 245
2020-07-23 13:16:34,314 - movie_logger - INFO - 현재 페이지 : 246
2020-07-23 13:16:40,073 - movie_logger - INFO - 현재 페이지 : 247
2020-07-23 13:16:45,823 - movie_logger - INFO - 현재 페이지 : 248
2020-07-23 13:16:51,540 - movie_logger - INFO - 현재 페이지 : 249
2020-07-23 13:16:57,283 - movie_logger - INFO - 현재 페이지 : 250
2020-07-23 13:17:03,002 - movie_logger - INFO - 현재 페이지 : 251
2020-07-23 13:17:08,750 - movie_logger - INFO - 현재 페이지 : 252
2020-07-23 13:17:14,470 - movie_logger - INFO - 현재 페이지 : 253
2020-07-23 13:17:20,212 - movie_logger - INFO - 현재 페이지 : 254
2020-07-23 13:17:25,945 - movie_logger - INFO - 현재 페이지 : 255
2020-07-23 13:17:31,691 - movie_logger - INFO - 현재 페이지 : 256
2020-07-23 13:17:37,464 - movie_logger - INFO - 현재 페이지 : 257
2020-07-23 13:17:43,204 - movie_logger - INFO - 현재 페이지 : 258
2020-07-23 13:17:48,948 - movie_logger - INFO - 현재 페이지 : 259
2020-07-23 13:17:54,673 - movie_logger - INFO - 현재 페이지 : 260
2020-07-23 13:18:03,282 - movie_logger - INFO - 현재 페이지 : 261
2020-07-23 13:18:09,241 - movie_logger - INFO - 현재 페이지 : 262
2020-07-23 13:18:15,158 - movie_logger - INFO - 현재 페이지 : 263
2020-07-23 13:18:21,099 - movie_logger - INFO - 현재 페이지 : 264
2020-07-23 13:18:26,883 - movie_logger - INFO - 현재 페이지 : 265
2020-07-23 13:18:32,622 - movie_logger - INFO - 현재 페이지 : 266
2020-07-23 13:18:38,398 - movie_logger - INFO - 현재 페이지 : 267
